2024-06-03 09:16:21.876 [main] DEBUG net.maku.ServerApplication - Running with Spring Boot v3.2.4, Spring v6.1.5
2024-06-03 09:16:28.286 [main] DEBUG n.m.f.security.filter.AuthenticationTokenFilter - Filter 'authenticationTokenFilter' configured for use
2024-06-03 09:16:28.286 [main] DEBUG net.maku.framework.common.xss.XssFilter - Filter 'xssFilter' configured for use
2024-06-03 09:17:38.712 [main] DEBUG net.maku.ServerApplication - Running with Spring Boot v3.2.4, Spring v6.1.5
2024-06-03 09:17:41.476 [main] DEBUG n.m.f.security.filter.AuthenticationTokenFilter - Filter 'authenticationTokenFilter' configured for use
2024-06-03 09:17:41.477 [main] DEBUG net.maku.framework.common.xss.XssFilter - Filter 'xssFilter' configured for use
2024-06-03 09:18:18.223 [main] DEBUG net.maku.ServerApplication - Running with Spring Boot v3.2.4, Spring v6.1.5
2024-06-03 09:18:21.009 [main] DEBUG n.m.f.security.filter.AuthenticationTokenFilter - Filter 'authenticationTokenFilter' configured for use
2024-06-03 09:18:21.009 [main] DEBUG net.maku.framework.common.xss.XssFilter - Filter 'xssFilter' configured for use
2024-06-03 09:19:05.085 [main] DEBUG net.maku.ServerApplication - Running with Spring Boot v3.2.4, Spring v6.1.5
2024-06-03 09:19:07.858 [main] DEBUG n.m.f.security.filter.AuthenticationTokenFilter - Filter 'authenticationTokenFilter' configured for use
2024-06-03 09:19:07.858 [main] DEBUG net.maku.framework.common.xss.XssFilter - Filter 'xssFilter' configured for use
2024-06-03 09:19:10.610 [ForkJoinPool.commonPool-worker-1] DEBUG net.maku.system.dao.SysDictDataDao.selectList - ==>  Preparing: SELECT id,dict_type_id,dict_label,dict_value,label_class,remark,sort,tenant_id,creator,create_time,updater,update_time,version,deleted FROM sys_dict_data WHERE deleted=0
2024-06-03 09:19:10.620 [ForkJoinPool.commonPool-worker-1] DEBUG net.maku.system.dao.SysDictDataDao.selectList - ==> Parameters: 
2024-06-03 09:19:10.638 [ForkJoinPool.commonPool-worker-1] DEBUG net.maku.system.dao.SysDictDataDao.selectList - <==      Total: 35
2024-06-03 09:19:10.644 [ForkJoinPool.commonPool-worker-1] DEBUG net.maku.system.dao.SysDictTypeDao.selectList - ==>  Preparing: SELECT id,dict_type,dict_name,remark,sort,dict_source,dict_sql,tenant_id,creator,create_time,updater,update_time,version,deleted FROM sys_dict_type WHERE deleted=0
2024-06-03 09:19:10.645 [ForkJoinPool.commonPool-worker-1] DEBUG net.maku.system.dao.SysDictTypeDao.selectList - ==> Parameters: 
2024-06-03 09:19:10.647 [ForkJoinPool.commonPool-worker-1] DEBUG net.maku.system.dao.SysDictTypeDao.selectList - <==      Total: 13
2024-06-03 09:21:12.129 [main] DEBUG net.maku.ServerApplication - Running with Spring Boot v3.2.4, Spring v6.1.5
2024-06-03 09:21:14.576 [main] DEBUG n.m.f.security.filter.AuthenticationTokenFilter - Filter 'authenticationTokenFilter' configured for use
2024-06-03 09:21:14.576 [main] DEBUG net.maku.framework.common.xss.XssFilter - Filter 'xssFilter' configured for use
2024-06-03 09:21:16.028 [ForkJoinPool.commonPool-worker-1] DEBUG net.maku.system.dao.SysDictDataDao.selectList - ==>  Preparing: SELECT id,dict_type_id,dict_label,dict_value,label_class,remark,sort,tenant_id,creator,create_time,updater,update_time,version,deleted FROM sys_dict_data WHERE deleted=0
2024-06-03 09:21:16.042 [ForkJoinPool.commonPool-worker-1] DEBUG net.maku.system.dao.SysDictDataDao.selectList - ==> Parameters: 
2024-06-03 09:21:16.059 [ForkJoinPool.commonPool-worker-1] DEBUG net.maku.system.dao.SysDictDataDao.selectList - <==      Total: 35
2024-06-03 09:21:16.066 [ForkJoinPool.commonPool-worker-1] DEBUG net.maku.system.dao.SysDictTypeDao.selectList - ==>  Preparing: SELECT id,dict_type,dict_name,remark,sort,dict_source,dict_sql,tenant_id,creator,create_time,updater,update_time,version,deleted FROM sys_dict_type WHERE deleted=0
2024-06-03 09:21:16.066 [ForkJoinPool.commonPool-worker-1] DEBUG net.maku.system.dao.SysDictTypeDao.selectList - ==> Parameters: 
2024-06-03 09:21:16.068 [ForkJoinPool.commonPool-worker-1] DEBUG net.maku.system.dao.SysDictTypeDao.selectList - <==      Total: 13
